11-11 13:35:54 com_github_MitjaNemec_PlaceFootprints.action_place_footprints 674:Plugin executed on: 'win32'
11-11 13:35:54 com_github_MitjaNemec_PlaceFootprints.action_place_footprints 675:Plugin executed with python version: '3.11.5 (main, Jan 27 2025, 07:08:36) [MSC v.1942 64 bit (AMD64)]'
11-11 13:35:54 com_github_MitjaNemec_PlaceFootprints.action_place_footprints 676:KiCad build version: 9.0.0
11-11 13:35:54 com_github_MitjaNemec_PlaceFootprints.action_place_footprints 677:Plugin version: 4.0.1
11-11 13:35:54 com_github_MitjaNemec_PlaceFootprints.action_place_footprints 678:Frame repr: <wx._core.Frame object at 0x000002C8CFAEC550>
11-11 13:35:54 com_github_MitjaNemec_PlaceFootprints.place_footprints 121:getting a list of all footprints on board
11-11 13:35:54 com_github_MitjaNemec_PlaceFootprints.place_footprints 156:Footprint J3 on root level
11-11 13:35:54 com_github_MitjaNemec_PlaceFootprints.place_footprints 156:Footprint C1 on root level
11-11 13:35:54 com_github_MitjaNemec_PlaceFootprints.place_footprints 156:Footprint J12 on root level
11-11 13:35:54 com_github_MitjaNemec_PlaceFootprints.place_footprints 156:Footprint J6 on root level
11-11 13:35:54 com_github_MitjaNemec_PlaceFootprints.place_footprints 156:Footprint U1 on root level
11-11 13:35:54 com_github_MitjaNemec_PlaceFootprints.place_footprints 156:Footprint R13 on root level
11-11 13:35:54 com_github_MitjaNemec_PlaceFootprints.place_footprints 156:Footprint R12 on root level
11-11 13:35:54 com_github_MitjaNemec_PlaceFootprints.place_footprints 156:Footprint R11 on root level
11-11 13:35:54 com_github_MitjaNemec_PlaceFootprints.place_footprints 156:Footprint R10 on root level
11-11 13:35:54 com_github_MitjaNemec_PlaceFootprints.place_footprints 156:Footprint R9 on root level
11-11 13:35:54 com_github_MitjaNemec_PlaceFootprints.place_footprints 156:Footprint R8 on root level
11-11 13:35:54 com_github_MitjaNemec_PlaceFootprints.place_footprints 156:Footprint R7 on root level
11-11 13:35:54 com_github_MitjaNemec_PlaceFootprints.place_footprints 156:Footprint R5 on root level
11-11 13:35:54 com_github_MitjaNemec_PlaceFootprints.place_footprints 156:Footprint R4 on root level
11-11 13:35:54 com_github_MitjaNemec_PlaceFootprints.place_footprints 156:Footprint R3 on root level
11-11 13:35:54 com_github_MitjaNemec_PlaceFootprints.place_footprints 156:Footprint R2 on root level
11-11 13:35:54 com_github_MitjaNemec_PlaceFootprints.place_footprints 156:Footprint R1 on root level
11-11 13:35:54 com_github_MitjaNemec_PlaceFootprints.place_footprints 156:Footprint J10 on root level
11-11 13:35:54 com_github_MitjaNemec_PlaceFootprints.place_footprints 156:Footprint J9 on root level
11-11 13:35:54 com_github_MitjaNemec_PlaceFootprints.place_footprints 156:Footprint J8 on root level
11-11 13:35:54 com_github_MitjaNemec_PlaceFootprints.place_footprints 156:Footprint J7 on root level
11-11 13:35:54 com_github_MitjaNemec_PlaceFootprints.place_footprints 156:Footprint J5 on root level
11-11 13:35:54 com_github_MitjaNemec_PlaceFootprints.place_footprints 156:Footprint J4 on root level
11-11 13:35:54 com_github_MitjaNemec_PlaceFootprints.place_footprints 156:Footprint J2 on root level
11-11 13:35:54 com_github_MitjaNemec_PlaceFootprints.place_footprints 156:Footprint J1 on root level
11-11 13:35:54 com_github_MitjaNemec_PlaceFootprints.place_footprints 156:Footprint H4 on root level
11-11 13:35:54 com_github_MitjaNemec_PlaceFootprints.place_footprints 156:Footprint H3 on root level
11-11 13:35:54 com_github_MitjaNemec_PlaceFootprints.place_footprints 156:Footprint H2 on root level
11-11 13:35:54 com_github_MitjaNemec_PlaceFootprints.place_footprints 156:Footprint H1 on root level
11-11 13:35:54 com_github_MitjaNemec_PlaceFootprints.place_footprints 156:Footprint D4 on root level
11-11 13:35:54 com_github_MitjaNemec_PlaceFootprints.place_footprints 156:Footprint D3 on root level
11-11 13:35:54 com_github_MitjaNemec_PlaceFootprints.place_footprints 156:Footprint D2 on root level
11-11 13:35:54 com_github_MitjaNemec_PlaceFootprints.place_footprints 156:Footprint D1 on root level
11-11 13:35:54 com_github_MitjaNemec_PlaceFootprints.place_footprints 156:Footprint R6 on root level
11-11 13:35:54 com_github_MitjaNemec_PlaceFootprints.action_place_footprints 717:Reference footprint='J3'
11-11 13:35:55 com_github_MitjaNemec_PlaceFootprints.action_place_footprints 858:Reference designator is: J
11-11 13:35:55 com_github_MitjaNemec_PlaceFootprints.action_place_footprints 859:Reference number is: 3
11-11 13:35:55 com_github_MitjaNemec_PlaceFootprints.action_place_footprints 891:Sorted and filtered list:
['J1', 'J2', 'J3', 'J4', 'J5', 'J6', 'J7', 'J8', 'J9', 'J10']
11-11 13:35:55 com_github_MitjaNemec_PlaceFootprints.action_place_footprints 376:wx.Colour(240, 240, 240, 255)
11-11 13:36:06 com_github_MitjaNemec_PlaceFootprints.action_place_footprints 507:'7'
11-11 13:36:06 com_github_MitjaNemec_PlaceFootprints.action_place_footprints 553:Preparing config for reference linear
11-11 13:36:06 com_github_MitjaNemec_PlaceFootprints.action_place_footprints 573:Saving config file
11-11 13:36:06 com_github_MitjaNemec_PlaceFootprints.action_place_footprints 575:Saved the config file
11-11 13:36:06 com_github_MitjaNemec_PlaceFootprints.action_place_footprints 929:Footprints to place:
['J3', 'J4', 'J5']
11-11 13:36:06 com_github_MitjaNemec_PlaceFootprints.place_footprints 396:Starting placing with linear layout
11-11 13:36:06 com_github_MitjaNemec_PlaceFootprints.action_place_footprints 970:Placing complete
